SimpleXMLElement Object
(
    [@attributes] => Array
        (
            [ITEM] => 18205
        )

    [WEIGHT] => 0.35
    [NAME] => Sex Around the World Game
    [MODEL] => KGBGR50
    [PRICE] => 11.48
    [RRP] => 20.00
    [THUMB] => KGBGR50s.jpg
    [IMAGE] => KGBGR50.jpg
    [MULTI] => SimpleXMLElement Object
        (
        )

    [MULTI1] => SimpleXMLElement Object
        (
        )

    [MULTI2] => SimpleXMLElement Object
        (
        )

    [MULTI3] => SimpleXMLElement Object
        (
        )

    [BIGMULTI1] => SimpleXMLElement Object
        (
        )

    [BIGMULTI2] => SimpleXMLElement Object
        (
        )

    [BIGMULTI3] => SimpleXMLElement Object
        (
        )

    [DESCRIPTION] => Includes 36 unique sexual experiences from cultures across the world and throughout history. Are you looking to spice up your sex life? Try an erotic Petrissage massage from France or worship an Inca phallus. Try early Polynesian sex bartering, shibari style bondage, the Kama Sutra The Swing position and much, much more. Includes 36 visa cards, 18 for him and 18 for her, 2 passports, a silk tie, a candle, a spinner, 2 custom dice, and game rules. Translated in English, Espanol, Deutsch, and Francais.
    [EAN] => 825156108024
    [XIMAGE] => KGBGR50x.jpg
    [LENGTH] => SimpleXMLElement Object
        (
        )

    [LUBETYPE] => SimpleXMLElement Object
        (
        )

    [CONDOMSAFE] => SimpleXMLElement Object
        (
        )

    [LIQUIDVOLUMN] => SimpleXMLElement Object
        (
        )

    [NUMBEROFPILLS] => SimpleXMLElement Object
        (
        )

    [FASTENING] => SimpleXMLElement Object
        (
        )

    [WASHING] => SimpleXMLElement Object
        (
        )

    [INSERTABLE] => SimpleXMLElement Object
        (
        )

    [DIAMETER] => SimpleXMLElement Object
        (
        )

    [HARNESSCOMPATIBLE] => SimpleXMLElement Object
        (
        )

    [ORINGCIRC] => SimpleXMLElement Object
        (
        )

    [ORINGDIAM] => SimpleXMLElement Object
        (
        )

    [WIDTH] => SimpleXMLElement Object
        (
        )

    [COLOUR] => SimpleXMLElement Object
        (
        )

    [FLEXIBILITY] => SimpleXMLElement Object
        (
        )

    [CONTROLLER] => SimpleXMLElement Object
        (
        )

    [FORWHO] => Both
    [WHATISIT] => SimpleXMLElement Object
        (
        )

    [FOR] => SimpleXMLElement Object
        (
        )

    [MOTION] => SimpleXMLElement Object
        (
        )

    [FEATURES] => SimpleXMLElement Object
        (
        )

    [MISC] => SimpleXMLElement Object
        (
        )

    [MATERIAL] => SimpleXMLElement Object
        (
        )

    [BRAND] => Kheper Games
    [STYLE] => SimpleXMLElement Object
        (
        )

    [POWER] => SimpleXMLElement Object
        (
        )

    [SIZE] => SimpleXMLElement Object
        (
        )

    [OPENING] => SimpleXMLElement Object
        (
        )

)
